<?xml version="1.0" encoding="UTF-8"?>
<!-- Generated by org.testng.reporters.JUnitReportReporter -->
<testsuite skipped="0" hostname="DESKTOP-0H07TE8" name="Remote.MouseActions" tests="1" failures="0" timestamp="25 Apr 2020 08:30:25 GMT" time="17.956" errors="0">
  <testcase name="f" time="17.956" classname="Remote.MouseActions"/>
</testsuite> <!-- Remote.MouseActions -->
