<?xml version="1.0" encoding="UTF-8"?>
<!-- Generated by org.testng.reporters.JUnitReportReporter -->
<testsuite skipped="0" hostname="DESKTOP-0H07TE8" name="Remote.Dropdownop" tests="1" failures="0" timestamp="10 May 2020 15:42:51 GMT" time="14.797" errors="0">
  <testcase name="f" time="14.797" classname="Remote.Dropdownop"/>
</testsuite> <!-- Remote.Dropdownop -->
