<?xml version="1.0" encoding="UTF-8"?>
<!-- Generated by org.testng.reporters.JUnitReportReporter -->
<testsuite skipped="0" hostname="DESKTOP-0H07TE8" name="Remote.Hdfc2" tests="1" failures="0" timestamp="02 May 2020 17:23:26 GMT" time="22.792" errors="0">
  <testcase name="f" time="22.792" classname="Remote.Hdfc2"/>
</testsuite> <!-- Remote.Hdfc2 -->
