<?xml version="1.0" encoding="UTF-8"?>
<!-- Generated by org.testng.reporters.JUnitReportReporter -->
<testsuite skipped="0" hostname="DESKTOP-0H07TE8" name="Remote.RL_DemoDataProvider" tests="5" failures="0" timestamp="22 Apr 2020 08:54:57 GMT" time="39.067" errors="0">
  <testcase name="f" time="7.834" classname="Remote.RL_DemoDataProvider"/>
  <testcase name="f" time="7.777" classname="Remote.RL_DemoDataProvider"/>
  <testcase name="f" time="7.699" classname="Remote.RL_DemoDataProvider"/>
  <testcase name="f" time="7.985" classname="Remote.RL_DemoDataProvider"/>
  <testcase name="f" time="7.772" classname="Remote.RL_DemoDataProvider"/>
</testsuite> <!-- Remote.RL_DemoDataProvider -->
