<?xml version="1.0" encoding="UTF-8"?>
<!-- Generated by org.testng.reporters.JUnitReportReporter -->
<testsuite skipped="0" hostname="DESKTOP-0H07TE8" name="Remote.MouseAct" tests="1" failures="0" timestamp="03 Apr 2020 12:29:10 GMT" time="22.338" errors="0">
  <testcase name="f" time="22.338" classname="Remote.MouseAct"/>
</testsuite> <!-- Remote.MouseAct -->
