<?xml version="1.0" encoding="UTF-8"?>
<!-- Generated by org.testng.reporters.JUnitReportReporter -->
<testsuite skipped="0" hostname="DESKTOP-0H07TE8" name="Remote.HDFC" tests="1" failures="0" timestamp="03 May 2020 08:04:03 GMT" time="16.494" errors="0">
  <testcase name="f" time="16.494" classname="Remote.HDFC"/>
</testsuite> <!-- Remote.HDFC -->
