<?xml version="1.0" encoding="UTF-8"?>
<!-- Generated by org.testng.reporters.JUnitReportReporter -->
<testsuite skipped="0" hostname="DESKTOP-0H07TE8" name="Remote.SwitchFrame" tests="1" failures="0" timestamp="25 Apr 2020 16:54:48 GMT" time="12.674" errors="0">
  <testcase name="f" time="12.674" classname="Remote.SwitchFrame"/>
</testsuite> <!-- Remote.SwitchFrame -->
