<?xml version="1.0" encoding="UTF-8"?>
<!-- Generated by org.testng.reporters.JUnitReportReporter -->
<testsuite skipped="0" hostname="DESKTOP-0H07TE8" name="Remote.CountryName" tests="1" failures="0" timestamp="01 May 2020 17:53:14 GMT" time="92.796" errors="0">
  <testcase name="f" time="92.796" classname="Remote.CountryName"/>
</testsuite> <!-- Remote.CountryName -->
