<?xml version="1.0" encoding="UTF-8"?>
<!-- Generated by org.testng.reporters.JUnitReportReporter -->
<testsuite skipped="0" hostname="DESKTOP-0H07TE8" name="Remote.RLDemoLoginAssertDataProvider" tests="2" failures="0" timestamp="31 Mar 2020 09:33:33 GMT" time="0.020" errors="0">
  <testcase name="f" time="0.012" classname="Remote.RLDemoLoginAssertDataProvider"/>
  <testcase name="f" time="0.008" classname="Remote.RLDemoLoginAssertDataProvider"/>
</testsuite> <!-- Remote.RLDemoLoginAssertDataProvider -->
