<?xml version="1.0" encoding="UTF-8"?>
<!-- Generated by org.testng.reporters.JUnitReportReporter -->
<testsuite skipped="0" hostname="DESKTOP-0H07TE8" name="Remote.CountryCount" tests="1" failures="0" timestamp="10 May 2020 14:19:41 GMT" time="15.592" errors="0">
  <testcase name="f" time="15.592" classname="Remote.CountryCount"/>
</testsuite> <!-- Remote.CountryCount -->
