<?xml version="1.0" encoding="UTF-8"?>
<!-- Generated by org.testng.reporters.JUnitReportReporter -->
<testsuite skipped="0" hostname="DESKTOP-0H07TE8" name="Remote.SwitchWindows" tests="1" failures="0" timestamp="10 May 2020 09:34:30 GMT" time="28.913" errors="0">
  <testcase name="f" time="28.913" classname="Remote.SwitchWindows"/>
</testsuite> <!-- Remote.SwitchWindows -->
