<?xml version="1.0" encoding="UTF-8"?>
<!-- Generated by org.testng.reporters.JUnitReportReporter -->
<testsuite skipped="0" hostname="DESKTOP-0H07TE8" name="Remote.HandsOnExam" tests="2" failures="0" timestamp="11 May 2020 05:54:03 GMT" time="16.375" errors="0">
  <testcase name="privacypolicy" time="7.335" classname="Remote.HandsOnExam"/>
  <testcase name="login" time="9.040" classname="Remote.HandsOnExam"/>
</testsuite> <!-- Remote.HandsOnExam -->
