<?xml version="1.0" encoding="UTF-8"?>
<!-- Generated by org.testng.reporters.JUnitReportReporter -->
<testsuite skipped="0" hostname="DESKTOP-0H07TE8" name="Remote.NewTest1" tests="1" failures="0" timestamp="02 May 2020 17:05:32 GMT" time="31.962" errors="0">
  <testcase name="f" time="31.962" classname="Remote.NewTest1"/>
</testsuite> <!-- Remote.NewTest1 -->
