<?xml version="1.0" encoding="UTF-8"?>
<!-- Generated by org.testng.reporters.JUnitReportReporter -->
<testsuite skipped="0" hostname="DESKTOP-0H07TE8" name="Remote.DemoLoginAssert" tests="1" failures="0" timestamp="30 Mar 2020 11:39:28 GMT" time="6.654" errors="0">
  <testcase name="LoginTest" time="6.654" classname="Remote.DemoLoginAssert"/>
</testsuite> <!-- Remote.DemoLoginAssert -->
