<?xml version="1.0" encoding="UTF-8"?>
<!-- Generated by org.testng.reporters.JUnitReportReporter -->
<testsuite skipped="0" hostname="DESKTOP-0H07TE8" name="Remote.TestMe" tests="1" failures="0" timestamp="31 Mar 2020 09:33:33 GMT" time="16.104" errors="0">
  <testcase name="LoginTest" time="16.104" classname="Remote.TestMe"/>
</testsuite> <!-- Remote.TestMe -->
