<?xml version="1.0" encoding="UTF-8"?>
<!-- Generated by org.testng.reporters.JUnitReportReporter -->
<testsuite skipped="0" hostname="DESKTOP-0H07TE8" name="Remote.CaseStudyReg" tests="1" failures="0" timestamp="31 Mar 2020 09:33:33 GMT" time="0.002" errors="0">
  <testcase name="f" time="0.002" classname="Remote.CaseStudyReg"/>
</testsuite> <!-- Remote.CaseStudyReg -->
