<?xml version="1.0" encoding="UTF-8"?>
<!-- Generated by org.testng.reporters.JUnitReportReporter -->
<testsuite skipped="0" hostname="DESKTOP-0H07TE8" name="Remote.RL_DemoDaa" tests="2" failures="0" timestamp="10 May 2020 07:56:58 GMT" time="25.291" errors="0">
  <testcase name="f" time="16.035" classname="Remote.RL_DemoDaa"/>
  <testcase name="f" time="9.256" classname="Remote.RL_DemoDaa"/>
</testsuite> <!-- Remote.RL_DemoDaa -->
