<?xml version="1.0" encoding="UTF-8"?>
<!-- Generated by org.testng.reporters.JUnitReportReporter -->
<testsuite skipped="0" hostname="DESKTOP-0H07TE8" name="com.acn.selenium.extent.TestMeApp" tests="4" failures="0" timestamp="08 May 2020 03:56:27 GMT" time="48.179" errors="0">
  <testcase name="testRegistration" time="17.069" classname="com.acn.selenium.extent.TestMeApp"/>
  <testcase name="testLogin" time="5.966" classname="com.acn.selenium.extent.TestMeApp"/>
  <testcase name="testCart" time="6.835" classname="com.acn.selenium.extent.TestMeApp"/>
  <testcase name="testPayment" time="18.309" classname="com.acn.selenium.extent.TestMeApp"/>
</testsuite> <!-- com.acn.selenium.extent.TestMeApp -->
